0 info it worked if it ends with ok
1 verbose cli [ 'node', '/Users/wstreeter/.npm-packages/bin/npm', 'install' ]
2 info using npm@2.13.5
3 info using node@v0.12.6
4 verbose config Skipping project config: /Users/wstreeter/.npmrc. (matches userconfig)
5 verbose readDependencies loading dependencies from /Users/wstreeter/package.json
6 error install Couldn't read dependencies
7 verbose stack Error: ENOENT, open '/Users/wstreeter/package.json'
7 verbose stack     at Error (native)
8 verbose cwd /Users/wstreeter/WebstormProjects/ionic-learning/ionicApps/chapter4
9 error Darwin 14.3.0
10 error argv "node" "/Users/wstreeter/.npm-packages/bin/npm" "install"
11 error node v0.12.6
12 error npm  v2.13.5
13 error path /Users/wstreeter/package.json
14 error code ENOPACKAGEJSON
15 error errno -2
16 error package.json ENOENT, open '/Users/wstreeter/package.json'
16 error package.json This is most likely not a problem with npm itself.
16 error package.json npm can't find a package.json file in your current directory.
17 verbose exit [ -2, true ]
